<?xml version="1.0" encoding="UTF-8"?>
<testsuite xmlns:xsi="http://www.w3.org/2001/XMLSchema-instance" xsi:noNamespaceSchemaLocation="https://maven.apache.org/surefire/maven-surefire-plugin/xsd/surefire-test-report.xsd" version="3.0.2" name="com.example.SettingListingTest" time="22.382" tests="26" errors="0" skipped="0" failures="1">
  <properties>
[...]
</properties>
  <testcase name="testPageLoads" classname="com.example.SettingListingTest" time="1.757">
    <system-err><![CDATA[Nov 11, 2025 4:37:55 PM org.openqa.selenium.devtools.CdpVersionFinder findNearestMatch
WARNING: Unable to find CDP implementation matching 141
Nov 11, 2025 4:37:55 PM org.openqa.selenium.chromium.ChromiumDriver lambda$new$5
WARNING: Unable to find version of CDP to use for 141.0.7390.107. You may need to include a dependency on a specific version of the CDP using something similar to `org.seleniumhq.selenium:selenium-devtools-v86:4.25.0` where the version ("v86") matches the version of the chromium-based browser you're using and the version number of the artifact is the same as Selenium's.
]]></system-err>
  </testcase>
  <testcase name="testAllPageElementsDisplayed" classname="com.example.SettingListingTest" time="0.784"/>
  <testcase name="testPageTitle" classname="com.example.SettingListingTest" time="0.482"/>
  <testcase name="testSubheaderText" classname="com.example.SettingListingTest" time="0.429"/>
  <testcase name="testBackToHomeButton" classname="com.example.SettingListingTest" time="0.448"/>
  <testcase name="testTableDisplayed" classname="com.example.SettingListingTest" time="0.453"/>
  <testcase name="testTableHeaders" classname="com.example.SettingListingTest" time="0.552"/>
  <testcase name="testTableHasRows" classname="com.example.SettingListingTest" time="0.457"/>
  <testcase name="testDefaultFilterSelection" classname="com.example.SettingListingTest" time="0.56"/>
  <testcase name="testSelectReadyFilter" classname="com.example.SettingListingTest" time="1.274"/>
  <testcase name="testSelectDraftFilter" classname="com.example.SettingListingTest" time="1.171"/>
  <testcase name="testSelectAllFilter" classname="com.example.SettingListingTest" time="1.472"/>
  <testcase name="testSettingNamesDisplayed" classname="com.example.SettingListingTest" time="0.495"/>
  <testcase name="testStatusTagsDisplayed" classname="com.example.SettingListingTest" time="0.462"/>
  <testcase name="testGetSettingNameByIndex" classname="com.example.SettingListingTest" time="0.393"/>
  <testcase name="testGetStatusByIndex" classname="com.example.SettingListingTest" time="0.387"/>
  <testcase name="testRowCount" classname="com.example.SettingListingTest" time="0.404"/>
  <testcase name="testFindSettingByName" classname="com.example.SettingListingTest" time="0.445"/>
  <testcase name="testCountSettingsByStatus" classname="com.example.SettingListingTest" time="0.446"/>
  <testcase name="testReadyFilterShowsOnlyReadySettings" classname="com.example.SettingListingTest" time="1.794"/>
  <testcase name="testDraftFilterShowsOnlyDraftSettings" classname="com.example.SettingListingTest" time="1.693"/>
  <testcase name="testPaginationPreviousButton" classname="com.example.SettingListingTest" time="0.516">
    <failure message="Previous page button should be disabled on first page ==&gt; expected: &lt;false&gt; but was: &lt;true&gt;" type="org.opentest4j.AssertionFailedError"><![CDATA[org.opentest4j.AssertionFailedError: Previous page button should be disabled on first page ==> expected: <false> but was: <true>
	at org.junit.jupiter.api.AssertionFailureBuilder.build(AssertionFailureBuilder.java:151)
	at org.junit.jupiter.api.AssertionFailureBuilder.buildAndThrow(AssertionFailureBuilder.java:132)
	at org.junit.jupiter.api.AssertFalse.failNotFalse(AssertFalse.java:63)
	at org.junit.jupiter.api.AssertFalse.assertFalse(AssertFalse.java:36)
	at org.junit.jupiter.api.Assertions.assertFalse(Assertions.java:235)
	at com.example.SettingListingTest.testPaginationPreviousButton(SettingListingTest.java:316)
	at java.base/java.lang.reflect.Method.invoke(Method.java:580)
	at java.base/java.util.ArrayList.forEach(ArrayList.java:1596)
	at java.base/java.util.ArrayList.forEach(ArrayList.java:1596)
]]></failure>
  </testcase>
  <testcase name="testCurrentPageNumber" classname="com.example.SettingListingTest" time="0.466"/>
  <testcase name="testFilterLabelDisplayed" classname="com.example.SettingListingTest" time="0.436"/>
  <testcase name="testFilterNavigationMaintainsState" classname="com.example.SettingListingTest" time="1.34"/>
  <testcase name="testTableDataIntegrity" classname="com.example.SettingListingTest" time="0.893"/>
</testsuite>